<?xml version="1.0" encoding="UTF-8"?>
<coverage generated="1669146331990" clover="3.2.0">
  <project timestamp="1669146331990" name="All files">
    <metrics statements="57" coveredstatements="48" conditionals="15" coveredconditionals="12" methods="10" coveredmethods="9" elements="82" coveredelements="69" complexity="0" loc="57" ncloc="57" packages="1" files="1" classes="1"/>
    <file name="index.js" path="/Users/elena/Programming/projects/hexlet/frontend-project-46/src/index.js">
      <metrics statements="57" coveredstatements="48" conditionals="15" coveredconditionals="12" methods="10" coveredmethods="9"/>
      <line num="8" count="2" type="stmt"/>
      <line num="10" count="1" type="stmt"/>
      <line num="11" count="1" type="stmt"/>
      <line num="12" count="1" type="stmt"/>
      <line num="14" count="1" type="stmt"/>
      <line num="15" count="1" type="stmt"/>
      <line num="17" count="1" type="stmt"/>
      <line num="18" count="2" type="stmt"/>
      <line num="19" count="2" type="stmt"/>
      <line num="20" count="2" type="stmt"/>
      <line num="22" count="2" type="stmt"/>
      <line num="23" count="10" type="stmt"/>
      <line num="24" count="10" type="stmt"/>
      <line num="26" count="10" type="cond" truecount="2" falsecount="0"/>
      <line num="27" count="6" type="stmt"/>
      <line num="29" count="4" type="cond" truecount="2" falsecount="0"/>
      <line num="30" count="2" type="stmt"/>
      <line num="32" count="2" type="cond" truecount="2" falsecount="0"/>
      <line num="33" count="1" type="stmt"/>
      <line num="35" count="1" type="stmt"/>
      <line num="37" count="2" type="stmt"/>
      <line num="40" count="1" type="stmt"/>
      <line num="41" count="6" type="stmt"/>
      <line num="42" count="6" type="stmt"/>
      <line num="43" count="6" type="cond" truecount="2" falsecount="2"/>
      <line num="44" count="6" type="stmt"/>
      <line num="46" count="0" type="stmt"/>
      <line num="47" count="0" type="stmt"/>
      <line num="48" count="0" type="stmt"/>
      <line num="50" count="0" type="stmt"/>
      <line num="51" count="0" type="stmt"/>
      <line num="52" count="0" type="stmt"/>
      <line num="54" count="0" type="stmt"/>
      <line num="56" count="0" type="stmt"/>
      <line num="59" count="6" type="stmt"/>
      <line num="62" count="1" type="stmt"/>
      <line num="63" count="1" type="stmt"/>
      <line num="64" count="1" type="stmt"/>
      <line num="65" count="1" type="stmt"/>
      <line num="71" count="1" type="stmt"/>
      <line num="72" count="1" type="stmt"/>
      <line num="73" count="5" type="stmt"/>
      <line num="74" count="5" type="stmt"/>
      <line num="75" count="5" type="stmt"/>
      <line num="76" count="5" type="stmt"/>
      <line num="78" count="5" type="stmt"/>
      <line num="79" count="5" type="stmt"/>
      <line num="81" count="5" type="cond" truecount="4" falsecount="1"/>
      <line num="83" count="1" type="stmt"/>
      <line num="88" count="2" type="stmt"/>
      <line num="93" count="1" type="stmt"/>
      <line num="104" count="1" type="stmt"/>
      <line num="109" count="0" type="stmt"/>
      <line num="113" count="1" type="stmt"/>
      <line num="115" count="1" type="stmt"/>
      <line num="117" count="1" type="stmt"/>
      <line num="120" count="1" type="stmt"/>
    </file>
  </project>
</coverage>
