<?xml version="1.0" encoding="UTF-8"?>
<coverage generated="1669836808441" clover="3.2.0">
  <project timestamp="1669836808441" name="All files">
    <metrics statements="85" coveredstatements="80" conditionals="42" coveredconditionals="36" methods="22" coveredmethods="22" elements="149" coveredelements="138" complexity="0" loc="85" ncloc="85" packages="2" files="7" classes="7"/>
    <package name="src">
      <metrics statements="33" coveredstatements="31" conditionals="15" coveredconditionals="13" methods="7" coveredmethods="7"/>
      <file name="getDifference.js" path="/Users/elena/Programming/projects/hexlet/frontend-project-46/src/getDifference.js">
        <metrics statements="16" coveredstatements="16" conditionals="10" coveredconditionals="10" methods="2" coveredmethods="2"/>
        <line num="3" count="1" type="stmt"/>
        <line num="4" count="30" type="stmt"/>
        <line num="5" count="30" type="stmt"/>
        <line num="6" count="30" type="stmt"/>
        <line num="8" count="30" type="stmt"/>
        <line num="9" count="108" type="stmt"/>
        <line num="10" count="108" type="stmt"/>
        <line num="12" count="108" type="cond" truecount="4" falsecount="0"/>
        <line num="13" count="24" type="stmt"/>
        <line num="15" count="84" type="cond" truecount="2" falsecount="0"/>
        <line num="16" count="18" type="stmt"/>
        <line num="22" count="66" type="cond" truecount="2" falsecount="0"/>
        <line num="23" count="30" type="stmt"/>
        <line num="25" count="36" type="cond" truecount="2" falsecount="0"/>
        <line num="26" count="12" type="stmt"/>
        <line num="28" count="24" type="stmt"/>
      </file>
      <file name="index.js" path="/Users/elena/Programming/projects/hexlet/frontend-project-46/src/index.js">
        <metrics statements="11" coveredstatements="11" conditionals="1" coveredconditionals="1" methods="4" coveredmethods="4"/>
        <line num="7" count="12" type="stmt"/>
        <line num="8" count="12" type="stmt"/>
        <line num="9" count="12" type="stmt"/>
        <line num="11" count="1" type="cond" truecount="1" falsecount="0"/>
        <line num="12" count="6" type="stmt"/>
        <line num="13" count="6" type="stmt"/>
        <line num="15" count="6" type="stmt"/>
        <line num="16" count="6" type="stmt"/>
        <line num="18" count="6" type="stmt"/>
        <line num="19" count="6" type="stmt"/>
        <line num="21" count="6" type="stmt"/>
      </file>
      <file name="parsers.js" path="/Users/elena/Programming/projects/hexlet/frontend-project-46/src/parsers.js">
        <metrics statements="6" coveredstatements="4" conditionals="4" coveredconditionals="2" methods="1" coveredmethods="1"/>
        <line num="3" count="1" type="stmt"/>
        <line num="4" count="12" type="cond" truecount="2" falsecount="2"/>
        <line num="6" count="6" type="stmt"/>
        <line num="8" count="6" type="stmt"/>
        <line num="10" count="0" type="stmt"/>
        <line num="12" count="0" type="stmt"/>
      </file>
    </package>
    <package name="src.formatters">
      <metrics statements="52" coveredstatements="49" conditionals="27" coveredconditionals="23" methods="15" coveredmethods="15"/>
      <file name="index.js" path="/Users/elena/Programming/projects/hexlet/frontend-project-46/src/formatters/index.js">
        <metrics statements="5" coveredstatements="4" conditionals="4" coveredconditionals="3" methods="1" coveredmethods="1"/>
        <line num="6" count="6" type="cond" truecount="3" falsecount="1"/>
        <line num="8" count="2" type="stmt"/>
        <line num="10" count="2" type="stmt"/>
        <line num="12" count="2" type="stmt"/>
        <line num="14" count="0" type="stmt"/>
      </file>
      <file name="json.js" path="/Users/elena/Programming/projects/hexlet/frontend-project-46/src/formatters/json.js">
        <metrics statements="1" coveredstatements="1" conditionals="0" coveredconditionals="0" methods="1" coveredmethods="1"/>
        <line num="1" count="2" type="stmt"/>
      </file>
      <file name="plain.js" path="/Users/elena/Programming/projects/hexlet/frontend-project-46/src/formatters/plain.js">
        <metrics statements="18" coveredstatements="17" conditionals="11" coveredconditionals="9" methods="5" coveredmethods="5"/>
        <line num="3" count="1" type="stmt"/>
        <line num="4" count="26" type="cond" truecount="2" falsecount="0"/>
        <line num="5" count="6" type="stmt"/>
        <line num="6" count="20" type="cond" truecount="2" falsecount="0"/>
        <line num="7" count="14" type="stmt"/>
        <line num="9" count="6" type="stmt"/>
        <line num="13" count="2" type="cond" truecount="0" falsecount="1"/>
        <line num="14" count="10" type="stmt"/>
        <line num="15" count="36" type="stmt"/>
        <line num="17" count="36" type="cond" truecount="5" falsecount="1"/>
        <line num="19" count="8" type="stmt"/>
        <line num="21" count="10" type="stmt"/>
        <line num="23" count="4" type="stmt"/>
        <line num="25" count="6" type="stmt"/>
        <line num="27" count="8" type="stmt"/>
        <line num="29" count="0" type="stmt"/>
        <line num="33" count="36" type="stmt"/>
        <line num="35" count="2" type="stmt"/>
      </file>
      <file name="stylish.js" path="/Users/elena/Programming/projects/hexlet/frontend-project-46/src/formatters/stylish.js">
        <metrics statements="28" coveredstatements="27" conditionals="12" coveredconditionals="11" methods="8" coveredmethods="8"/>
        <line num="1" count="1" type="cond" truecount="1" falsecount="0"/>
        <line num="2" count="48" type="stmt"/>
        <line num="3" count="48" type="stmt"/>
        <line num="6" count="1" type="cond" truecount="1" falsecount="0"/>
        <line num="7" count="36" type="stmt"/>
        <line num="8" count="36" type="stmt"/>
        <line num="9" count="36" type="stmt"/>
        <line num="11" count="36" type="stmt"/>
        <line num="14" count="1" type="stmt"/>
        <line num="15" count="54" type="cond" truecount="4" falsecount="0"/>
        <line num="16" count="40" type="stmt"/>
        <line num="19" count="14" type="stmt"/>
        <line num="20" count="14" type="stmt"/>
        <line num="21" count="18" type="stmt"/>
        <line num="23" count="14" type="stmt"/>
        <line num="25" count="14" type="stmt"/>
        <line num="29" count="2" type="stmt"/>
        <line num="35" count="10" type="stmt"/>
        <line num="36" count="36" type="stmt"/>
        <line num="38" count="36" type="stmt"/>
        <line num="39" count="36" type="cond" truecount="5" falsecount="1"/>
        <line num="42" count="8" type="stmt"/>
        <line num="44" count="10" type="stmt"/>
        <line num="46" count="4" type="stmt"/>
        <line num="48" count="6" type="stmt"/>
        <line num="50" count="8" type="stmt"/>
        <line num="52" count="0" type="stmt"/>
        <line num="56" count="2" type="stmt"/>
      </file>
    </package>
  </project>
</coverage>
