{"/Users/elena/Programming/projects/hexlet/frontend-project-46/src/index.js": {"path":"/Users/elena/Programming/projects/hexlet/frontend-project-46/src/index.js","statementMap":{"0":{"start":{"line":8,"column":24},"end":{"line":8,"column":66}},"1":{"start":{"line":8,"column":34},"end":{"line":8,"column":66}},"2":{"start":{"line":10,"column":16},"end":{"line":121,"column":1}},"3":{"start":{"line":11,"column":20},"end":{"line":11,"column":71}},"4":{"start":{"line":12,"column":20},"end":{"line":12,"column":71}},"5":{"start":{"line":14,"column":16},"end":{"line":14,"column":37}},"6":{"start":{"line":15,"column":16},"end":{"line":15,"column":37}},"7":{"start":{"line":17,"column":22},"end":{"line":38,"column":3}},"8":{"start":{"line":18,"column":18},"end":{"line":18,"column":31}},"9":{"start":{"line":19,"column":18},"end":{"line":19,"column":31}},"10":{"start":{"line":20,"column":23},"end":{"line":20,"column":54}},"11":{"start":{"line":22,"column":19},"end":{"line":36,"column":6}},"12":{"start":{"line":23,"column":21},"end":{"line":23,"column":30}},"13":{"start":{"line":24,"column":21},"end":{"line":24,"column":30}},"14":{"start":{"line":26,"column":6},"end":{"line":28,"column":7}},"15":{"start":{"line":27,"column":8},"end":{"line":27,"column":53}},"16":{"start":{"line":29,"column":6},"end":{"line":31,"column":7}},"17":{"start":{"line":30,"column":8},"end":{"line":30,"column":55}},"18":{"start":{"line":32,"column":6},"end":{"line":34,"column":7}},"19":{"start":{"line":33,"column":8},"end":{"line":33,"column":76}},"20":{"start":{"line":35,"column":6},"end":{"line":35,"column":55}},"21":{"start":{"line":37,"column":4},"end":{"line":37,"column":18}},"22":{"start":{"line":40,"column":20},"end":{"line":60,"column":3}},"23":{"start":{"line":41,"column":18},"end":{"line":41,"column":21}},"24":{"start":{"line":42,"column":17},"end":{"line":57,"column":5}},"25":{"start":{"line":43,"column":6},"end":{"line":45,"column":7}},"26":{"start":{"line":44,"column":8},"end":{"line":44,"column":36}},"27":{"start":{"line":46,"column":25},"end":{"line":46,"column":44}},"28":{"start":{"line":47,"column":28},"end":{"line":47,"column":52}},"29":{"start":{"line":48,"column":28},"end":{"line":48,"column":66}},"30":{"start":{"line":50,"column":25},"end":{"line":50,"column":53}},"31":{"start":{"line":51,"column":20},"end":{"line":53,"column":7}},"32":{"start":{"line":52,"column":24},"end":{"line":52,"column":73}},"33":{"start":{"line":54,"column":21},"end":{"line":54,"column":67}},"34":{"start":{"line":56,"column":6},"end":{"line":56,"column":20}},"35":{"start":{"line":59,"column":4},"end":{"line":59,"column":26}},"36":{"start":{"line":62,"column":22},"end":{"line":118,"column":3}},"37":{"start":{"line":63,"column":23},"end":{"line":63,"column":52}},"38":{"start":{"line":64,"column":18},"end":{"line":64,"column":22}},"39":{"start":{"line":65,"column":19},"end":{"line":69,"column":5}},"40":{"start":{"line":71,"column":17},"end":{"line":114,"column":5}},"41":{"start":{"line":72,"column":21},"end":{"line":111,"column":8}},"42":{"start":{"line":73,"column":29},"end":{"line":73,"column":48}},"43":{"start":{"line":74,"column":25},"end":{"line":74,"column":34}},"44":{"start":{"line":75,"column":26},"end":{"line":75,"column":30}},"45":{"start":{"line":76,"column":24},"end":{"line":76,"column":28}},"46":{"start":{"line":78,"column":23},"end":{"line":78,"column":35}},"47":{"start":{"line":79,"column":23},"end":{"line":79,"column":35}},"48":{"start":{"line":81,"column":8},"end":{"line":110,"column":9}},"49":{"start":{"line":83,"column":12},"end":{"line":86,"column":16}},"50":{"start":{"line":88,"column":12},"end":{"line":91,"column":16}},"51":{"start":{"line":93,"column":12},"end":{"line":102,"column":25}},"52":{"start":{"line":104,"column":12},"end":{"line":107,"column":16}},"53":{"start":{"line":109,"column":12},"end":{"line":109,"column":24}},"54":{"start":{"line":113,"column":6},"end":{"line":113,"column":20}},"55":{"start":{"line":115,"column":19},"end":{"line":115,"column":38}},"56":{"start":{"line":117,"column":4},"end":{"line":117,"column":44}},"57":{"start":{"line":120,"column":2},"end":{"line":120,"column":35}}},"fnMap":{"0":{"name":"(anonymous_0)","decl":{"start":{"line":8,"column":24},"end":{"line":8,"column":25}},"loc":{"start":{"line":8,"column":34},"end":{"line":8,"column":66}},"line":8},"1":{"name":"(anonymous_1)","decl":{"start":{"line":10,"column":16},"end":{"line":10,"column":17}},"loc":{"start":{"line":10,"column":42},"end":{"line":121,"column":1}},"line":10},"2":{"name":"(anonymous_2)","decl":{"start":{"line":17,"column":22},"end":{"line":17,"column":23}},"loc":{"start":{"line":17,"column":38},"end":{"line":38,"column":3}},"line":17},"3":{"name":"(anonymous_3)","decl":{"start":{"line":22,"column":34},"end":{"line":22,"column":35}},"loc":{"start":{"line":22,"column":43},"end":{"line":36,"column":5}},"line":22},"4":{"name":"(anonymous_4)","decl":{"start":{"line":40,"column":20},"end":{"line":40,"column":21}},"loc":{"start":{"line":40,"column":44},"end":{"line":60,"column":3}},"line":40},"5":{"name":"(anonymous_5)","decl":{"start":{"line":42,"column":17},"end":{"line":42,"column":18}},"loc":{"start":{"line":42,"column":42},"end":{"line":57,"column":5}},"line":42},"6":{"name":"(anonymous_6)","decl":{"start":{"line":52,"column":8},"end":{"line":52,"column":9}},"loc":{"start":{"line":52,"column":24},"end":{"line":52,"column":73}},"line":52},"7":{"name":"(anonymous_7)","decl":{"start":{"line":62,"column":22},"end":{"line":62,"column":23}},"loc":{"start":{"line":62,"column":44},"end":{"line":118,"column":3}},"line":62},"8":{"name":"(anonymous_8)","decl":{"start":{"line":71,"column":17},"end":{"line":71,"column":18}},"loc":{"start":{"line":71,"column":34},"end":{"line":114,"column":5}},"line":71},"9":{"name":"(anonymous_9)","decl":{"start":{"line":72,"column":30},"end":{"line":72,"column":31}},"loc":{"start":{"line":72,"column":40},"end":{"line":111,"column":7}},"line":72}},"branchMap":{"0":{"loc":{"start":{"line":26,"column":6},"end":{"line":28,"column":7}},"type":"if","locations":[{"start":{"line":26,"column":6},"end":{"line":28,"column":7}},{"start":{},"end":{}}],"line":26},"1":{"loc":{"start":{"line":29,"column":6},"end":{"line":31,"column":7}},"type":"if","locations":[{"start":{"line":29,"column":6},"end":{"line":31,"column":7}},{"start":{},"end":{}}],"line":29},"2":{"loc":{"start":{"line":32,"column":6},"end":{"line":34,"column":7}},"type":"if","locations":[{"start":{"line":32,"column":6},"end":{"line":34,"column":7}},{"start":{},"end":{}}],"line":32},"3":{"loc":{"start":{"line":43,"column":6},"end":{"line":45,"column":7}},"type":"if","locations":[{"start":{"line":43,"column":6},"end":{"line":45,"column":7}},{"start":{},"end":{}}],"line":43},"4":{"loc":{"start":{"line":43,"column":10},"end":{"line":43,"column":67}},"type":"binary-expr","locations":[{"start":{"line":43,"column":10},"end":{"line":43,"column":42}},{"start":{"line":43,"column":46},"end":{"line":43,"column":67}}],"line":43},"5":{"loc":{"start":{"line":81,"column":8},"end":{"line":110,"column":9}},"type":"switch","locations":[{"start":{"line":82,"column":10},"end":{"line":86,"column":16}},{"start":{"line":87,"column":10},"end":{"line":91,"column":16}},{"start":{"line":92,"column":10},"end":{"line":102,"column":25}},{"start":{"line":103,"column":10},"end":{"line":107,"column":16}},{"start":{"line":108,"column":10},"end":{"line":109,"column":24}}],"line":81}},"s":{"0":1,"1":2,"2":1,"3":1,"4":1,"5":1,"6":1,"7":1,"8":2,"9":2,"10":2,"11":2,"12":10,"13":10,"14":10,"15":6,"16":4,"17":2,"18":2,"19":1,"20":1,"21":2,"22":1,"23":6,"24":6,"25":6,"26":6,"27":0,"28":0,"29":0,"30":0,"31":0,"32":0,"33":0,"34":0,"35":6,"36":1,"37":1,"38":1,"39":1,"40":1,"41":1,"42":5,"43":5,"44":5,"45":5,"46":5,"47":5,"48":5,"49":1,"50":2,"51":1,"52":1,"53":0,"54":1,"55":1,"56":1,"57":1},"f":{"0":2,"1":1,"2":2,"3":10,"4":6,"5":6,"6":0,"7":1,"8":1,"9":5},"b":{"0":[6,4],"1":[2,2],"2":[1,1],"3":[6,0],"4":[6,0],"5":[1,2,1,1,0]},"_coverageSchema":"1a1c01bbd47fc00a2c39e90264f33305004495a9","hash":"fd5590720368b375c5a8b78510209b3e1cef7ef9"}
}
