{"/Users/elena/Programming/projects/hexlet/frontend-project-46/src/getDifference.js": {"path":"/Users/elena/Programming/projects/hexlet/frontend-project-46/src/getDifference.js","statementMap":{"0":{"start":{"line":3,"column":22},"end":{"line":35,"column":1}},"1":{"start":{"line":4,"column":16},"end":{"line":4,"column":31}},"2":{"start":{"line":5,"column":16},"end":{"line":5,"column":31}},"3":{"start":{"line":6,"column":21},"end":{"line":6,"column":52}},"4":{"start":{"line":8,"column":2},"end":{"line":34,"column":5}},"5":{"start":{"line":9,"column":19},"end":{"line":9,"column":31}},"6":{"start":{"line":10,"column":19},"end":{"line":10,"column":31}},"7":{"start":{"line":12,"column":4},"end":{"line":14,"column":5}},"8":{"start":{"line":13,"column":6},"end":{"line":13,"column":78}},"9":{"start":{"line":15,"column":4},"end":{"line":21,"column":5}},"10":{"start":{"line":16,"column":6},"end":{"line":20,"column":8}},"11":{"start":{"line":22,"column":4},"end":{"line":24,"column":5}},"12":{"start":{"line":23,"column":6},"end":{"line":23,"column":49}},"13":{"start":{"line":25,"column":4},"end":{"line":27,"column":5}},"14":{"start":{"line":26,"column":6},"end":{"line":26,"column":51}},"15":{"start":{"line":28,"column":4},"end":{"line":33,"column":6}}},"fnMap":{"0":{"name":"(anonymous_0)","decl":{"start":{"line":3,"column":22},"end":{"line":3,"column":23}},"loc":{"start":{"line":3,"column":44},"end":{"line":35,"column":1}},"line":3},"1":{"name":"(anonymous_1)","decl":{"start":{"line":8,"column":24},"end":{"line":8,"column":25}},"loc":{"start":{"line":8,"column":33},"end":{"line":34,"column":3}},"line":8}},"branchMap":{"0":{"loc":{"start":{"line":12,"column":4},"end":{"line":14,"column":5}},"type":"if","locations":[{"start":{"line":12,"column":4},"end":{"line":14,"column":5}},{"start":{},"end":{}}],"line":12},"1":{"loc":{"start":{"line":12,"column":8},"end":{"line":12,"column":58}},"type":"binary-expr","locations":[{"start":{"line":12,"column":8},"end":{"line":12,"column":31}},{"start":{"line":12,"column":35},"end":{"line":12,"column":58}}],"line":12},"2":{"loc":{"start":{"line":15,"column":4},"end":{"line":21,"column":5}},"type":"if","locations":[{"start":{"line":15,"column":4},"end":{"line":21,"column":5}},{"start":{},"end":{}}],"line":15},"3":{"loc":{"start":{"line":22,"column":4},"end":{"line":24,"column":5}},"type":"if","locations":[{"start":{"line":22,"column":4},"end":{"line":24,"column":5}},{"start":{},"end":{}}],"line":22},"4":{"loc":{"start":{"line":25,"column":4},"end":{"line":27,"column":5}},"type":"if","locations":[{"start":{"line":25,"column":4},"end":{"line":27,"column":5}},{"start":{},"end":{}}],"line":25}},"s":{"0":1,"1":30,"2":30,"3":30,"4":30,"5":108,"6":108,"7":108,"8":24,"9":84,"10":18,"11":66,"12":30,"13":36,"14":12,"15":24},"f":{"0":30,"1":108},"b":{"0":[24,84],"1":[108,36],"2":[18,66],"3":[30,36],"4":[12,24]},"_coverageSchema":"1a1c01bbd47fc00a2c39e90264f33305004495a9","hash":"4baf20c28cc2b3921fb50d62e1a58617754be673"}
,"/Users/elena/Programming/projects/hexlet/frontend-project-46/src/index.js": {"path":"/Users/elena/Programming/projects/hexlet/frontend-project-46/src/index.js","statementMap":{"0":{"start":{"line":10,"column":24},"end":{"line":10,"column":82}},"1":{"start":{"line":10,"column":38},"end":{"line":10,"column":82}},"2":{"start":{"line":11,"column":17},"end":{"line":11,"column":82}},"3":{"start":{"line":11,"column":31},"end":{"line":11,"column":82}},"4":{"start":{"line":12,"column":18},"end":{"line":12,"column":54}},"5":{"start":{"line":12,"column":32},"end":{"line":12,"column":54}},"6":{"start":{"line":14,"column":16},"end":{"line":25,"column":1}},"7":{"start":{"line":15,"column":20},"end":{"line":15,"column":39}},"8":{"start":{"line":16,"column":20},"end":{"line":16,"column":39}},"9":{"start":{"line":18,"column":22},"end":{"line":18,"column":42}},"10":{"start":{"line":19,"column":22},"end":{"line":19,"column":42}},"11":{"start":{"line":21,"column":16},"end":{"line":21,"column":46}},"12":{"start":{"line":22,"column":16},"end":{"line":22,"column":46}},"13":{"start":{"line":24,"column":2},"end":{"line":24,"column":60}}},"fnMap":{"0":{"name":"(anonymous_0)","decl":{"start":{"line":10,"column":24},"end":{"line":10,"column":25}},"loc":{"start":{"line":10,"column":38},"end":{"line":10,"column":82}},"line":10},"1":{"name":"(anonymous_1)","decl":{"start":{"line":11,"column":17},"end":{"line":11,"column":18}},"loc":{"start":{"line":11,"column":31},"end":{"line":11,"column":82}},"line":11},"2":{"name":"(anonymous_2)","decl":{"start":{"line":12,"column":18},"end":{"line":12,"column":19}},"loc":{"start":{"line":12,"column":32},"end":{"line":12,"column":54}},"line":12},"3":{"name":"(anonymous_3)","decl":{"start":{"line":14,"column":16},"end":{"line":14,"column":17}},"loc":{"start":{"line":14,"column":66},"end":{"line":25,"column":1}},"line":14}},"branchMap":{"0":{"loc":{"start":{"line":14,"column":39},"end":{"line":14,"column":61}},"type":"default-arg","locations":[{"start":{"line":14,"column":52},"end":{"line":14,"column":61}}],"line":14}},"s":{"0":1,"1":12,"2":1,"3":12,"4":1,"5":12,"6":1,"7":6,"8":6,"9":6,"10":6,"11":6,"12":6,"13":6},"f":{"0":12,"1":12,"2":12,"3":6},"b":{"0":[2]},"_coverageSchema":"1a1c01bbd47fc00a2c39e90264f33305004495a9","hash":"7a7623b391f06f5891dafaecb875e1162b13d785"}
,"/Users/elena/Programming/projects/hexlet/frontend-project-46/src/parsers.js": {"path":"/Users/elena/Programming/projects/hexlet/frontend-project-46/src/parsers.js","statementMap":{"0":{"start":{"line":3,"column":15},"end":{"line":14,"column":1}},"1":{"start":{"line":4,"column":2},"end":{"line":13,"column":3}},"2":{"start":{"line":6,"column":6},"end":{"line":6,"column":37}},"3":{"start":{"line":8,"column":6},"end":{"line":8,"column":36}},"4":{"start":{"line":10,"column":6},"end":{"line":10,"column":36}},"5":{"start":{"line":12,"column":6},"end":{"line":12,"column":21}}},"fnMap":{"0":{"name":"(anonymous_0)","decl":{"start":{"line":3,"column":15},"end":{"line":3,"column":16}},"loc":{"start":{"line":3,"column":44},"end":{"line":14,"column":1}},"line":3}},"branchMap":{"0":{"loc":{"start":{"line":4,"column":2},"end":{"line":13,"column":3}},"type":"switch","locations":[{"start":{"line":5,"column":4},"end":{"line":6,"column":37}},{"start":{"line":7,"column":4},"end":{"line":8,"column":36}},{"start":{"line":9,"column":4},"end":{"line":10,"column":36}},{"start":{"line":11,"column":4},"end":{"line":12,"column":21}}],"line":4}},"s":{"0":1,"1":12,"2":6,"3":6,"4":0,"5":0},"f":{"0":12},"b":{"0":[6,6,0,0]},"_coverageSchema":"1a1c01bbd47fc00a2c39e90264f33305004495a9","hash":"99ecb4939257fc8c5744a3afd35ac6deb6e753fe"}
,"/Users/elena/Programming/projects/hexlet/frontend-project-46/src/formatters/index.js": {"path":"/Users/elena/Programming/projects/hexlet/frontend-project-46/src/formatters/index.js","statementMap":{"0":{"start":{"line":6,"column":2},"end":{"line":15,"column":3}},"1":{"start":{"line":8,"column":6},"end":{"line":8,"column":27}},"2":{"start":{"line":10,"column":6},"end":{"line":10,"column":25}},"3":{"start":{"line":12,"column":6},"end":{"line":12,"column":24}},"4":{"start":{"line":14,"column":6},"end":{"line":14,"column":46}}},"fnMap":{"0":{"name":"(anonymous_0)","decl":{"start":{"line":5,"column":15},"end":{"line":5,"column":16}},"loc":{"start":{"line":5,"column":33},"end":{"line":16,"column":1}},"line":5}},"branchMap":{"0":{"loc":{"start":{"line":6,"column":2},"end":{"line":15,"column":3}},"type":"switch","locations":[{"start":{"line":7,"column":4},"end":{"line":8,"column":27}},{"start":{"line":9,"column":4},"end":{"line":10,"column":25}},{"start":{"line":11,"column":4},"end":{"line":12,"column":24}},{"start":{"line":13,"column":4},"end":{"line":14,"column":46}}],"line":6}},"s":{"0":6,"1":2,"2":2,"3":2,"4":0},"f":{"0":6},"b":{"0":[2,2,2,0]},"_coverageSchema":"1a1c01bbd47fc00a2c39e90264f33305004495a9","hash":"c4d4830921e34ffe55252ff411be7c0cf5f1ba5e"}
,"/Users/elena/Programming/projects/hexlet/frontend-project-46/src/formatters/json.js": {"path":"/Users/elena/Programming/projects/hexlet/frontend-project-46/src/formatters/json.js","statementMap":{"0":{"start":{"line":1,"column":13},"end":{"line":1,"column":43}},"1":{"start":{"line":1,"column":23},"end":{"line":1,"column":43}}},"fnMap":{"0":{"name":"(anonymous_0)","decl":{"start":{"line":1,"column":13},"end":{"line":1,"column":14}},"loc":{"start":{"line":1,"column":23},"end":{"line":1,"column":43}},"line":1}},"branchMap":{},"s":{"0":1,"1":2},"f":{"0":2},"b":{},"_coverageSchema":"1a1c01bbd47fc00a2c39e90264f33305004495a9","hash":"f4ecd3db6acbeddda18553c3f6a6db70a1e7bc08"}
,"/Users/elena/Programming/projects/hexlet/frontend-project-46/src/formatters/plain.js": {"path":"/Users/elena/Programming/projects/hexlet/frontend-project-46/src/formatters/plain.js","statementMap":{"0":{"start":{"line":3,"column":18},"end":{"line":10,"column":1}},"1":{"start":{"line":4,"column":2},"end":{"line":6,"column":3}},"2":{"start":{"line":5,"column":4},"end":{"line":5,"column":29}},"3":{"start":{"line":6,"column":4},"end":{"line":8,"column":3}},"4":{"start":{"line":7,"column":4},"end":{"line":7,"column":24}},"5":{"start":{"line":9,"column":2},"end":{"line":9,"column":23}},"6":{"start":{"line":13,"column":15},"end":{"line":34,"column":3}},"7":{"start":{"line":14,"column":19},"end":{"line":31,"column":6}},"8":{"start":{"line":15,"column":22},"end":{"line":15,"column":40}},"9":{"start":{"line":17,"column":6},"end":{"line":30,"column":7}},"10":{"start":{"line":19,"column":10},"end":{"line":19,"column":46}},"11":{"start":{"line":21,"column":10},"end":{"line":21,"column":96}},"12":{"start":{"line":23,"column":10},"end":{"line":23,"column":63}},"13":{"start":{"line":25,"column":10},"end":{"line":25,"column":22}},"14":{"start":{"line":27,"column":10},"end":{"line":27,"column":120}},"15":{"start":{"line":29,"column":10},"end":{"line":29,"column":45}},"16":{"start":{"line":33,"column":4},"end":{"line":33,"column":61}},"17":{"start":{"line":33,"column":35},"end":{"line":33,"column":48}},"18":{"start":{"line":35,"column":2},"end":{"line":35,"column":24}}},"fnMap":{"0":{"name":"(anonymous_0)","decl":{"start":{"line":3,"column":18},"end":{"line":3,"column":19}},"loc":{"start":{"line":3,"column":29},"end":{"line":10,"column":1}},"line":3},"1":{"name":"(anonymous_1)","decl":{"start":{"line":12,"column":15},"end":{"line":12,"column":16}},"loc":{"start":{"line":12,"column":25},"end":{"line":36,"column":1}},"line":12},"2":{"name":"(anonymous_2)","decl":{"start":{"line":13,"column":15},"end":{"line":13,"column":16}},"loc":{"start":{"line":13,"column":35},"end":{"line":34,"column":3}},"line":13},"3":{"name":"(anonymous_3)","decl":{"start":{"line":14,"column":32},"end":{"line":14,"column":33}},"loc":{"start":{"line":14,"column":42},"end":{"line":31,"column":5}},"line":14},"4":{"name":"(anonymous_4)","decl":{"start":{"line":33,"column":25},"end":{"line":33,"column":26}},"loc":{"start":{"line":33,"column":35},"end":{"line":33,"column":48}},"line":33}},"branchMap":{"0":{"loc":{"start":{"line":4,"column":2},"end":{"line":6,"column":3}},"type":"if","locations":[{"start":{"line":4,"column":2},"end":{"line":6,"column":3}},{"start":{},"end":{}}],"line":4},"1":{"loc":{"start":{"line":6,"column":4},"end":{"line":8,"column":3}},"type":"if","locations":[{"start":{"line":6,"column":4},"end":{"line":8,"column":3}},{"start":{},"end":{}}],"line":6},"2":{"loc":{"start":{"line":13,"column":22},"end":{"line":13,"column":30}},"type":"default-arg","locations":[{"start":{"line":13,"column":28},"end":{"line":13,"column":30}}],"line":13},"3":{"loc":{"start":{"line":17,"column":6},"end":{"line":30,"column":7}},"type":"switch","locations":[{"start":{"line":18,"column":8},"end":{"line":19,"column":46}},{"start":{"line":20,"column":8},"end":{"line":21,"column":96}},{"start":{"line":22,"column":8},"end":{"line":23,"column":63}},{"start":{"line":24,"column":8},"end":{"line":25,"column":22}},{"start":{"line":26,"column":8},"end":{"line":27,"column":120}},{"start":{"line":28,"column":8},"end":{"line":29,"column":45}}],"line":17}},"s":{"0":1,"1":26,"2":6,"3":20,"4":14,"5":6,"6":2,"7":10,"8":36,"9":36,"10":8,"11":10,"12":4,"13":6,"14":8,"15":0,"16":10,"17":36,"18":2},"f":{"0":26,"1":2,"2":10,"3":36,"4":36},"b":{"0":[6,20],"1":[14,6],"2":[0],"3":[8,10,4,6,8,0]},"_coverageSchema":"1a1c01bbd47fc00a2c39e90264f33305004495a9","hash":"7e99d88a4741903d968478b139d8f57c562d591b"}
,"/Users/elena/Programming/projects/hexlet/frontend-project-46/src/formatters/stylish.js": {"path":"/Users/elena/Programming/projects/hexlet/frontend-project-46/src/formatters/stylish.js","statementMap":{"0":{"start":{"line":1,"column":15},"end":{"line":4,"column":1}},"1":{"start":{"line":2,"column":16},"end":{"line":2,"column":20}},"2":{"start":{"line":3,"column":2},"end":{"line":3,"column":43}},"3":{"start":{"line":6,"column":19},"end":{"line":12,"column":1}},"4":{"start":{"line":7,"column":16},"end":{"line":7,"column":20}},"5":{"start":{"line":8,"column":19},"end":{"line":8,"column":52}},"6":{"start":{"line":9,"column":20},"end":{"line":9,"column":37}},"7":{"start":{"line":11,"column":2},"end":{"line":11,"column":19}},"8":{"start":{"line":14,"column":18},"end":{"line":26,"column":1}},"9":{"start":{"line":15,"column":2},"end":{"line":17,"column":3}},"10":{"start":{"line":16,"column":4},"end":{"line":16,"column":25}},"11":{"start":{"line":19,"column":21},"end":{"line":19,"column":42}},"12":{"start":{"line":20,"column":16},"end":{"line":22,"column":3}},"13":{"start":{"line":21,"column":20},"end":{"line":21,"column":86}},"14":{"start":{"line":23,"column":19},"end":{"line":23,"column":70}},"15":{"start":{"line":25,"column":2},"end":{"line":25,"column":18}},"16":{"start":{"line":29,"column":17},"end":{"line":33,"column":3}},"17":{"start":{"line":35,"column":15},"end":{"line":54,"column":4}},"18":{"start":{"line":35,"column":32},"end":{"line":54,"column":4}},"19":{"start":{"line":36,"column":21},"end":{"line":36,"column":30}},"20":{"start":{"line":38,"column":21},"end":{"line":38,"column":111}},"21":{"start":{"line":38,"column":39},"end":{"line":38,"column":111}},"22":{"start":{"line":39,"column":4},"end":{"line":53,"column":5}},"23":{"start":{"line":42,"column":8},"end":{"line":42,"column":111}},"24":{"start":{"line":44,"column":8},"end":{"line":44,"column":46}},"25":{"start":{"line":46,"column":8},"end":{"line":46,"column":49}},"26":{"start":{"line":48,"column":8},"end":{"line":48,"column":53}},"27":{"start":{"line":50,"column":8},"end":{"line":50,"column":89}},"28":{"start":{"line":52,"column":8},"end":{"line":52,"column":51}},"29":{"start":{"line":56,"column":2},"end":{"line":56,"column":46}}},"fnMap":{"0":{"name":"(anonymous_0)","decl":{"start":{"line":1,"column":15},"end":{"line":1,"column":16}},"loc":{"start":{"line":1,"column":43},"end":{"line":4,"column":1}},"line":1},"1":{"name":"(anonymous_1)","decl":{"start":{"line":6,"column":19},"end":{"line":6,"column":20}},"loc":{"start":{"line":6,"column":47},"end":{"line":12,"column":1}},"line":6},"2":{"name":"(anonymous_2)","decl":{"start":{"line":14,"column":18},"end":{"line":14,"column":19}},"loc":{"start":{"line":14,"column":40},"end":{"line":26,"column":1}},"line":14},"3":{"name":"(anonymous_3)","decl":{"start":{"line":21,"column":4},"end":{"line":21,"column":5}},"loc":{"start":{"line":21,"column":20},"end":{"line":21,"column":86}},"line":21},"4":{"name":"(anonymous_4)","decl":{"start":{"line":28,"column":15},"end":{"line":28,"column":16}},"loc":{"start":{"line":28,"column":30},"end":{"line":57,"column":1}},"line":28},"5":{"name":"(anonymous_5)","decl":{"start":{"line":35,"column":15},"end":{"line":35,"column":16}},"loc":{"start":{"line":35,"column":32},"end":{"line":54,"column":4}},"line":35},"6":{"name":"(anonymous_6)","decl":{"start":{"line":35,"column":41},"end":{"line":35,"column":42}},"loc":{"start":{"line":35,"column":51},"end":{"line":54,"column":3}},"line":35},"7":{"name":"(anonymous_7)","decl":{"start":{"line":38,"column":21},"end":{"line":38,"column":22}},"loc":{"start":{"line":38,"column":39},"end":{"line":38,"column":111}},"line":38}},"branchMap":{"0":{"loc":{"start":{"line":1,"column":23},"end":{"line":1,"column":38}},"type":"default-arg","locations":[{"start":{"line":1,"column":37},"end":{"line":1,"column":38}}],"line":1},"1":{"loc":{"start":{"line":6,"column":27},"end":{"line":6,"column":42}},"type":"default-arg","locations":[{"start":{"line":6,"column":41},"end":{"line":6,"column":42}}],"line":6},"2":{"loc":{"start":{"line":15,"column":2},"end":{"line":17,"column":3}},"type":"if","locations":[{"start":{"line":15,"column":2},"end":{"line":17,"column":3}},{"start":{},"end":{}}],"line":15},"3":{"loc":{"start":{"line":15,"column":6},"end":{"line":15,"column":49}},"type":"binary-expr","locations":[{"start":{"line":15,"column":6},"end":{"line":15,"column":31}},{"start":{"line":15,"column":35},"end":{"line":15,"column":49}}],"line":15},"4":{"loc":{"start":{"line":39,"column":4},"end":{"line":53,"column":5}},"type":"switch","locations":[{"start":{"line":40,"column":6},"end":{"line":42,"column":111}},{"start":{"line":43,"column":6},"end":{"line":44,"column":46}},{"start":{"line":45,"column":6},"end":{"line":46,"column":49}},{"start":{"line":47,"column":6},"end":{"line":48,"column":53}},{"start":{"line":49,"column":6},"end":{"line":50,"column":89}},{"start":{"line":51,"column":6},"end":{"line":52,"column":51}}],"line":39}},"s":{"0":1,"1":48,"2":48,"3":1,"4":36,"5":36,"6":36,"7":36,"8":1,"9":54,"10":40,"11":14,"12":14,"13":18,"14":14,"15":14,"16":2,"17":2,"18":10,"19":36,"20":36,"21":36,"22":36,"23":8,"24":10,"25":4,"26":6,"27":8,"28":0,"29":2},"f":{"0":48,"1":36,"2":54,"3":18,"4":2,"5":10,"6":36,"7":36},"b":{"0":[48],"1":[36],"2":[40,14],"3":[54,16],"4":[8,10,4,6,8,0]},"_coverageSchema":"1a1c01bbd47fc00a2c39e90264f33305004495a9","hash":"1b70c83c8308cca010dcd1ff531f727a8b0db688"}
}
