TN:
SF:src/getDifference.js
FN:3,(anonymous_0)
FN:8,(anonymous_1)
FNF:2
FNH:2
FNDA:30,(anonymous_0)
FNDA:108,(anonymous_1)
DA:3,1
DA:4,30
DA:5,30
DA:6,30
DA:8,30
DA:9,108
DA:10,108
DA:12,108
DA:13,24
DA:15,84
DA:16,18
DA:22,66
DA:23,30
DA:25,36
DA:26,12
DA:28,24
LF:16
LH:16
BRDA:12,0,0,24
BRDA:12,0,1,84
BRDA:12,1,0,108
BRDA:12,1,1,36
BRDA:15,2,0,18
BRDA:15,2,1,66
BRDA:22,3,0,30
BRDA:22,3,1,36
BRDA:25,4,0,12
BRDA:25,4,1,24
BRF:10
BRH:10
end_of_record
TN:
SF:src/index.js
FN:10,(anonymous_0)
FN:11,(anonymous_1)
FN:12,(anonymous_2)
FN:14,(anonymous_3)
FNF:4
FNH:4
FNDA:12,(anonymous_0)
FNDA:12,(anonymous_1)
FNDA:12,(anonymous_2)
FNDA:6,(anonymous_3)
DA:10,12
DA:11,12
DA:12,12
DA:14,1
DA:15,6
DA:16,6
DA:18,6
DA:19,6
DA:21,6
DA:22,6
DA:24,6
LF:11
LH:11
BRDA:14,0,0,2
BRF:1
BRH:1
end_of_record
TN:
SF:src/parsers.js
FN:3,(anonymous_0)
FNF:1
FNH:1
FNDA:12,(anonymous_0)
DA:3,1
DA:4,12
DA:6,6
DA:8,6
DA:10,0
DA:12,0
LF:6
LH:4
BRDA:4,0,0,6
BRDA:4,0,1,6
BRDA:4,0,2,0
BRDA:4,0,3,0
BRF:4
BRH:2
end_of_record
TN:
SF:src/formatters/index.js
FN:5,(anonymous_0)
FNF:1
FNH:1
FNDA:6,(anonymous_0)
DA:6,6
DA:8,2
DA:10,2
DA:12,2
DA:14,0
LF:5
LH:4
BRDA:6,0,0,2
BRDA:6,0,1,2
BRDA:6,0,2,2
BRDA:6,0,3,0
BRF:4
BRH:3
end_of_record
TN:
SF:src/formatters/json.js
FN:1,(anonymous_0)
FNF:1
FNH:1
FNDA:2,(anonymous_0)
DA:1,2
LF:1
LH:1
BRF:0
BRH:0
end_of_record
TN:
SF:src/formatters/plain.js
FN:3,(anonymous_0)
FN:12,(anonymous_1)
FN:13,(anonymous_2)
FN:14,(anonymous_3)
FN:33,(anonymous_4)
FNF:5
FNH:5
FNDA:26,(anonymous_0)
FNDA:2,(anonymous_1)
FNDA:10,(anonymous_2)
FNDA:36,(anonymous_3)
FNDA:36,(anonymous_4)
DA:3,1
DA:4,26
DA:5,6
DA:6,20
DA:7,14
DA:9,6
DA:13,2
DA:14,10
DA:15,36
DA:17,36
DA:19,8
DA:21,10
DA:23,4
DA:25,6
DA:27,8
DA:29,0
DA:33,36
DA:35,2
LF:18
LH:17
BRDA:4,0,0,6
BRDA:4,0,1,20
BRDA:6,1,0,14
BRDA:6,1,1,6
BRDA:13,2,0,0
BRDA:17,3,0,8
BRDA:17,3,1,10
BRDA:17,3,2,4
BRDA:17,3,3,6
BRDA:17,3,4,8
BRDA:17,3,5,0
BRF:11
BRH:9
end_of_record
TN:
SF:src/formatters/stylish.js
FN:1,(anonymous_0)
FN:6,(anonymous_1)
FN:14,(anonymous_2)
FN:21,(anonymous_3)
FN:28,(anonymous_4)
FN:35,(anonymous_5)
FN:35,(anonymous_6)
FN:38,(anonymous_7)
FNF:8
FNH:8
FNDA:48,(anonymous_0)
FNDA:36,(anonymous_1)
FNDA:54,(anonymous_2)
FNDA:18,(anonymous_3)
FNDA:2,(anonymous_4)
FNDA:10,(anonymous_5)
FNDA:36,(anonymous_6)
FNDA:36,(anonymous_7)
DA:1,1
DA:2,48
DA:3,48
DA:6,1
DA:7,36
DA:8,36
DA:9,36
DA:11,36
DA:14,1
DA:15,54
DA:16,40
DA:19,14
DA:20,14
DA:21,18
DA:23,14
DA:25,14
DA:29,2
DA:35,10
DA:36,36
DA:38,36
DA:39,36
DA:42,8
DA:44,10
DA:46,4
DA:48,6
DA:50,8
DA:52,0
DA:56,2
LF:28
LH:27
BRDA:1,0,0,48
BRDA:6,1,0,36
BRDA:15,2,0,40
BRDA:15,2,1,14
BRDA:15,3,0,54
BRDA:15,3,1,16
BRDA:39,4,0,8
BRDA:39,4,1,10
BRDA:39,4,2,4
BRDA:39,4,3,6
BRDA:39,4,4,8
BRDA:39,4,5,0
BRF:12
BRH:11
end_of_record
