TN:
SF:src/index.js
FN:8,(anonymous_0)
FN:10,(anonymous_1)
FN:17,(anonymous_2)
FN:22,(anonymous_3)
FN:40,(anonymous_4)
FN:42,(anonymous_5)
FN:52,(anonymous_6)
FN:62,(anonymous_7)
FN:71,(anonymous_8)
FN:72,(anonymous_9)
FNF:10
FNH:9
FNDA:2,(anonymous_0)
FNDA:1,(anonymous_1)
FNDA:2,(anonymous_2)
FNDA:10,(anonymous_3)
FNDA:6,(anonymous_4)
FNDA:6,(anonymous_5)
FNDA:0,(anonymous_6)
FNDA:1,(anonymous_7)
FNDA:1,(anonymous_8)
FNDA:5,(anonymous_9)
DA:8,2
DA:10,1
DA:11,1
DA:12,1
DA:14,1
DA:15,1
DA:17,1
DA:18,2
DA:19,2
DA:20,2
DA:22,2
DA:23,10
DA:24,10
DA:26,10
DA:27,6
DA:29,4
DA:30,2
DA:32,2
DA:33,1
DA:35,1
DA:37,2
DA:40,1
DA:41,6
DA:42,6
DA:43,6
DA:44,6
DA:46,0
DA:47,0
DA:48,0
DA:50,0
DA:51,0
DA:52,0
DA:54,0
DA:56,0
DA:59,6
DA:62,1
DA:63,1
DA:64,1
DA:65,1
DA:71,1
DA:72,1
DA:73,5
DA:74,5
DA:75,5
DA:76,5
DA:78,5
DA:79,5
DA:81,5
DA:83,1
DA:88,2
DA:93,1
DA:104,1
DA:109,0
DA:113,1
DA:115,1
DA:117,1
DA:120,1
LF:57
LH:48
BRDA:26,0,0,6
BRDA:26,0,1,4
BRDA:29,1,0,2
BRDA:29,1,1,2
BRDA:32,2,0,1
BRDA:32,2,1,1
BRDA:43,3,0,6
BRDA:43,3,1,0
BRDA:43,4,0,6
BRDA:43,4,1,0
BRDA:81,5,0,1
BRDA:81,5,1,2
BRDA:81,5,2,1
BRDA:81,5,3,1
BRDA:81,5,4,0
BRF:15
BRH:12
end_of_record
